<?xml version="1.0" encoding="UTF-8"?>
<!-- Generated by org.testng.reporters.JUnitXMLReporter -->
<testsuite hostname="LAPTOP-N0G0NBDP" ignored="0" name="myTest" tests="3" failures="0" timestamp="23 Dec 2020 02:12:08 GMT" time="32.92" errors="0">
  <testcase name="messagecheck" time="13.791" classname="testNgScripts.AlertBox"/>
  <testcase name="dropdowncheck" time="21.136" classname="testNgScripts.DropDowns"/>
  <testcase name="framesdemo" time="19.061" classname="testNgScripts.FramesDemo"/>
</testsuite> <!-- myTest -->
