<?xml version="1.0" encoding="UTF-8"?>
<!-- Generated by org.testng.reporters.JUnitXMLReporter -->
<testsuite hostname="LAPTOP-N0G0NBDP" ignored="0" name="myTests" tests="5" failures="0" timestamp="25 Dec 2020 00:51:11 GMT" time="0.062" errors="0">
  <testcase name="method2" time="0.005" classname="testNgScripts.Annotations2"/>
  <testcase name="method2" time="0.006" classname="testNgScripts.Annotations3"/>
  <testcase name="createemail" time="0.002" classname="testNgScripts.Annotations"/>
  <testcase name="modifyemail" time="0.002" classname="testNgScripts.Annotations"/>
  <testcase name="deleteemail" time="0.002" classname="testNgScripts.Annotations"/>
</testsuite> <!-- myTests -->
