<?xml version="1.0" encoding="UTF-8"?>
<!-- Generated by org.testng.reporters.JUnitXMLReporter -->
<testsuite hostname="LAPTOP-N0G0NBDP" ignored="0" name="Default test" tests="21" failures="0" timestamp="31 Dec 2020 00:42:57 GMT" time="23.401" errors="0">
  <testcase name="wikipagedata" time="0.817" classname="testNgScripts.Annotations2"/>
  <testcase name="wikipagedata" time="0.775" classname="testNgScripts.Annotations2"/>
  <testcase name="wikipagedata" time="0.761" classname="testNgScripts.Annotations2"/>
  <testcase name="wikipagedata" time="0.811" classname="testNgScripts.Annotations2"/>
  <testcase name="wikipagedata" time="0.718" classname="testNgScripts.Annotations2"/>
  <testcase name="wikipagedata" time="0.733" classname="testNgScripts.Annotations2"/>
  <testcase name="wikipagedata" time="0.645" classname="testNgScripts.Annotations2"/>
  <testcase name="wikipagedata" time="0.682" classname="testNgScripts.Annotations2"/>
  <testcase name="wikipagedata" time="0.631" classname="testNgScripts.Annotations2"/>
  <testcase name="wikipagedata" time="0.637" classname="testNgScripts.Annotations2"/>
  <testcase name="wikipagedata" time="0.611" classname="testNgScripts.Annotations2"/>
  <testcase name="wikipagedata" time="0.606" classname="testNgScripts.Annotations2"/>
  <testcase name="wikipagedata" time="0.622" classname="testNgScripts.Annotations2"/>
  <testcase name="wikipagedata" time="0.641" classname="testNgScripts.Annotations2"/>
  <testcase name="wikipagedata" time="0.649" classname="testNgScripts.Annotations2"/>
  <testcase name="wikipagedata" time="0.66" classname="testNgScripts.Annotations2"/>
  <testcase name="wikipagedata" time="0.613" classname="testNgScripts.Annotations2"/>
  <testcase name="wikipagedata" time="0.64" classname="testNgScripts.Annotations2"/>
  <testcase name="wikipagedata" time="0.608" classname="testNgScripts.Annotations2"/>
  <testcase name="wikipagedata" time="0.646" classname="testNgScripts.Annotations2"/>
  <testcase name="wikipagedata" time="0.782" classname="testNgScripts.Annotations2"/>
</testsuite> <!-- Default test -->
