<?xml version="1.0" encoding="UTF-8"?>
<testng-results skipped="0" failed="0" ignored="0" total="21" passed="21">
  <reporter-output>
  </reporter-output>
  <suite name="Default suite" duration-ms="44399" started-at="2021-01-08T00:25:07Z" finished-at="2021-01-08T00:25:51Z">
    <groups>
    </groups>
    <test name="Default test" duration-ms="44399" started-at="2021-01-08T00:25:07Z" finished-at="2021-01-08T00:25:51Z">
      <class name="testNgScripts.Parameterization_XLS">
        <test-method status="PASS" signature="startbrowser()[pri:0, instance:testNgScripts.Parameterization_XLS@1c62251]" name="startbrowser" is-config="true" duration-ms="16299" started-at="2021-01-08T00:25:07Z" finished-at="2021-01-08T00:25:24Z">
          <reporter-output>
          </reporter-output>
        </test-method> <!-- startbrowser -->
        <test-method status="PASS" signature="wikipagedata(java.lang.String, java.lang.String, java.lang.String, java.lang.String)[pri:49, instance:testNgScripts.Parameterization_XLS@1c62251]" name="wikipagedata" duration-ms="2981" started-at="2021-01-08T00:25:25Z" data-provider="readData" finished-at="2021-01-08T00:25:28Z">
          <params>
            <param index="0">
              <value>
                <![CDATA[Username1]]>
              </value>
            </param>
            <param index="1">
              <value>
                <![CDATA[password1]]>
              </value>
            </param>
            <param index="2">
              <value>
                <![CDATA[passwrod1]]>
              </value>
            </param>
            <param index="3">
              <value>
                <![CDATA[email2@gmail.com]]>
              </value>
            </param>
          </params>
          <reporter-output>
          </reporter-output>
        </test-method> <!-- wikipagedata -->
        <test-method status="PASS" signature="wikipagedata(java.lang.String, java.lang.String, java.lang.String, java.lang.String)[pri:49, instance:testNgScripts.Parameterization_XLS@1c62251]" name="wikipagedata" duration-ms="951" started-at="2021-01-08T00:25:28Z" data-provider="readData" finished-at="2021-01-08T00:25:29Z">
          <params>
            <param index="0">
              <value>
                <![CDATA[Username2]]>
              </value>
            </param>
            <param index="1">
              <value>
                <![CDATA[password2]]>
              </value>
            </param>
            <param index="2">
              <value>
                <![CDATA[passwrod2]]>
              </value>
            </param>
            <param index="3">
              <value>
                <![CDATA[email3@gmail.com]]>
              </value>
            </param>
          </params>
          <reporter-output>
          </reporter-output>
        </test-method> <!-- wikipagedata -->
        <test-method status="PASS" signature="wikipagedata(java.lang.String, java.lang.String, java.lang.String, java.lang.String)[pri:49, instance:testNgScripts.Parameterization_XLS@1c62251]" name="wikipagedata" duration-ms="933" started-at="2021-01-08T00:25:29Z" data-provider="readData" finished-at="2021-01-08T00:25:30Z">
          <params>
            <param index="0">
              <value>
                <![CDATA[Username3]]>
              </value>
            </param>
            <param index="1">
              <value>
                <![CDATA[password3]]>
              </value>
            </param>
            <param index="2">
              <value>
                <![CDATA[passwrod3]]>
              </value>
            </param>
            <param index="3">
              <value>
                <![CDATA[email4@gmail.com]]>
              </value>
            </param>
          </params>
          <reporter-output>
          </reporter-output>
        </test-method> <!-- wikipagedata -->
        <test-method status="PASS" signature="wikipagedata(java.lang.String, java.lang.String, java.lang.String, java.lang.String)[pri:49, instance:testNgScripts.Parameterization_XLS@1c62251]" name="wikipagedata" duration-ms="1303" started-at="2021-01-08T00:25:30Z" data-provider="readData" finished-at="2021-01-08T00:25:31Z">
          <params>
            <param index="0">
              <value>
                <![CDATA[Username4]]>
              </value>
            </param>
            <param index="1">
              <value>
                <![CDATA[password4]]>
              </value>
            </param>
            <param index="2">
              <value>
                <![CDATA[passwrod4]]>
              </value>
            </param>
            <param index="3">
              <value>
                <![CDATA[email5@gmail.com]]>
              </value>
            </param>
          </params>
          <reporter-output>
          </reporter-output>
        </test-method> <!-- wikipagedata -->
        <test-method status="PASS" signature="wikipagedata(java.lang.String, java.lang.String, java.lang.String, java.lang.String)[pri:49, instance:testNgScripts.Parameterization_XLS@1c62251]" name="wikipagedata" duration-ms="1262" started-at="2021-01-08T00:25:31Z" data-provider="readData" finished-at="2021-01-08T00:25:33Z">
          <params>
            <param index="0">
              <value>
                <![CDATA[Username5]]>
              </value>
            </param>
            <param index="1">
              <value>
                <![CDATA[password5]]>
              </value>
            </param>
            <param index="2">
              <value>
                <![CDATA[passwrod5]]>
              </value>
            </param>
            <param index="3">
              <value>
                <![CDATA[email6@gmail.com]]>
              </value>
            </param>
          </params>
          <reporter-output>
          </reporter-output>
        </test-method> <!-- wikipagedata -->
        <test-method status="PASS" signature="wikipagedata(java.lang.String, java.lang.String, java.lang.String, java.lang.String)[pri:49, instance:testNgScripts.Parameterization_XLS@1c62251]" name="wikipagedata" duration-ms="846" started-at="2021-01-08T00:25:33Z" data-provider="readData" finished-at="2021-01-08T00:25:33Z">
          <params>
            <param index="0">
              <value>
                <![CDATA[Username6]]>
              </value>
            </param>
            <param index="1">
              <value>
                <![CDATA[password6]]>
              </value>
            </param>
            <param index="2">
              <value>
                <![CDATA[passwrod6]]>
              </value>
            </param>
            <param index="3">
              <value>
                <![CDATA[email7@gmail.com]]>
              </value>
            </param>
          </params>
          <reporter-output>
          </reporter-output>
        </test-method> <!-- wikipagedata -->
        <test-method status="PASS" signature="wikipagedata(java.lang.String, java.lang.String, java.lang.String, java.lang.String)[pri:49, instance:testNgScripts.Parameterization_XLS@1c62251]" name="wikipagedata" duration-ms="1788" started-at="2021-01-08T00:25:33Z" data-provider="readData" finished-at="2021-01-08T00:25:35Z">
          <params>
            <param index="0">
              <value>
                <![CDATA[Username7]]>
              </value>
            </param>
            <param index="1">
              <value>
                <![CDATA[password7]]>
              </value>
            </param>
            <param index="2">
              <value>
                <![CDATA[passwrod7]]>
              </value>
            </param>
            <param index="3">
              <value>
                <![CDATA[email8@gmail.com]]>
              </value>
            </param>
          </params>
          <reporter-output>
          </reporter-output>
        </test-method> <!-- wikipagedata -->
        <test-method status="PASS" signature="wikipagedata(java.lang.String, java.lang.String, java.lang.String, java.lang.String)[pri:49, instance:testNgScripts.Parameterization_XLS@1c62251]" name="wikipagedata" duration-ms="1246" started-at="2021-01-08T00:25:35Z" data-provider="readData" finished-at="2021-01-08T00:25:37Z">
          <params>
            <param index="0">
              <value>
                <![CDATA[Username8]]>
              </value>
            </param>
            <param index="1">
              <value>
                <![CDATA[password8]]>
              </value>
            </param>
            <param index="2">
              <value>
                <![CDATA[passwrod8]]>
              </value>
            </param>
            <param index="3">
              <value>
                <![CDATA[email9@gmail.com]]>
              </value>
            </param>
          </params>
          <reporter-output>
          </reporter-output>
        </test-method> <!-- wikipagedata -->
        <test-method status="PASS" signature="wikipagedata(java.lang.String, java.lang.String, java.lang.String, java.lang.String)[pri:49, instance:testNgScripts.Parameterization_XLS@1c62251]" name="wikipagedata" duration-ms="1229" started-at="2021-01-08T00:25:37Z" data-provider="readData" finished-at="2021-01-08T00:25:38Z">
          <params>
            <param index="0">
              <value>
                <![CDATA[Username9]]>
              </value>
            </param>
            <param index="1">
              <value>
                <![CDATA[password9]]>
              </value>
            </param>
            <param index="2">
              <value>
                <![CDATA[passwrod9]]>
              </value>
            </param>
            <param index="3">
              <value>
                <![CDATA[email10@gmail.com]]>
              </value>
            </param>
          </params>
          <reporter-output>
          </reporter-output>
        </test-method> <!-- wikipagedata -->
        <test-method status="PASS" signature="wikipagedata(java.lang.String, java.lang.String, java.lang.String, java.lang.String)[pri:49, instance:testNgScripts.Parameterization_XLS@1c62251]" name="wikipagedata" duration-ms="1540" started-at="2021-01-08T00:25:38Z" data-provider="readData" finished-at="2021-01-08T00:25:39Z">
          <params>
            <param index="0">
              <value>
                <![CDATA[Username10]]>
              </value>
            </param>
            <param index="1">
              <value>
                <![CDATA[password10]]>
              </value>
            </param>
            <param index="2">
              <value>
                <![CDATA[passwrod10]]>
              </value>
            </param>
            <param index="3">
              <value>
                <![CDATA[email11@gmail.com]]>
              </value>
            </param>
          </params>
          <reporter-output>
          </reporter-output>
        </test-method> <!-- wikipagedata -->
        <test-method status="PASS" signature="wikipagedata(java.lang.String, java.lang.String, java.lang.String, java.lang.String)[pri:49, instance:testNgScripts.Parameterization_XLS@1c62251]" name="wikipagedata" duration-ms="984" started-at="2021-01-08T00:25:39Z" data-provider="readData" finished-at="2021-01-08T00:25:40Z">
          <params>
            <param index="0">
              <value>
                <![CDATA[Username11]]>
              </value>
            </param>
            <param index="1">
              <value>
                <![CDATA[password11]]>
              </value>
            </param>
            <param index="2">
              <value>
                <![CDATA[passwrod11]]>
              </value>
            </param>
            <param index="3">
              <value>
                <![CDATA[email12@gmail.com]]>
              </value>
            </param>
          </params>
          <reporter-output>
          </reporter-output>
        </test-method> <!-- wikipagedata -->
        <test-method status="PASS" signature="wikipagedata(java.lang.String, java.lang.String, java.lang.String, java.lang.String)[pri:49, instance:testNgScripts.Parameterization_XLS@1c62251]" name="wikipagedata" duration-ms="962" started-at="2021-01-08T00:25:40Z" data-provider="readData" finished-at="2021-01-08T00:25:41Z">
          <params>
            <param index="0">
              <value>
                <![CDATA[Username12]]>
              </value>
            </param>
            <param index="1">
              <value>
                <![CDATA[password12]]>
              </value>
            </param>
            <param index="2">
              <value>
                <![CDATA[passwrod12]]>
              </value>
            </param>
            <param index="3">
              <value>
                <![CDATA[email13@gmail.com]]>
              </value>
            </param>
          </params>
          <reporter-output>
          </reporter-output>
        </test-method> <!-- wikipagedata -->
        <test-method status="PASS" signature="wikipagedata(java.lang.String, java.lang.String, java.lang.String, java.lang.String)[pri:49, instance:testNgScripts.Parameterization_XLS@1c62251]" name="wikipagedata" duration-ms="967" started-at="2021-01-08T00:25:41Z" data-provider="readData" finished-at="2021-01-08T00:25:42Z">
          <params>
            <param index="0">
              <value>
                <![CDATA[Username13]]>
              </value>
            </param>
            <param index="1">
              <value>
                <![CDATA[password13]]>
              </value>
            </param>
            <param index="2">
              <value>
                <![CDATA[passwrod13]]>
              </value>
            </param>
            <param index="3">
              <value>
                <![CDATA[email14@gmail.com]]>
              </value>
            </param>
          </params>
          <reporter-output>
          </reporter-output>
        </test-method> <!-- wikipagedata -->
        <test-method status="PASS" signature="wikipagedata(java.lang.String, java.lang.String, java.lang.String, java.lang.String)[pri:49, instance:testNgScripts.Parameterization_XLS@1c62251]" name="wikipagedata" duration-ms="869" started-at="2021-01-08T00:25:42Z" data-provider="readData" finished-at="2021-01-08T00:25:43Z">
          <params>
            <param index="0">
              <value>
                <![CDATA[Username14]]>
              </value>
            </param>
            <param index="1">
              <value>
                <![CDATA[password14]]>
              </value>
            </param>
            <param index="2">
              <value>
                <![CDATA[passwrod14]]>
              </value>
            </param>
            <param index="3">
              <value>
                <![CDATA[email15@gmail.com]]>
              </value>
            </param>
          </params>
          <reporter-output>
          </reporter-output>
        </test-method> <!-- wikipagedata -->
        <test-method status="PASS" signature="wikipagedata(java.lang.String, java.lang.String, java.lang.String, java.lang.String)[pri:49, instance:testNgScripts.Parameterization_XLS@1c62251]" name="wikipagedata" duration-ms="1359" started-at="2021-01-08T00:25:43Z" data-provider="readData" finished-at="2021-01-08T00:25:44Z">
          <params>
            <param index="0">
              <value>
                <![CDATA[Username15]]>
              </value>
            </param>
            <param index="1">
              <value>
                <![CDATA[password15]]>
              </value>
            </param>
            <param index="2">
              <value>
                <![CDATA[passwrod15]]>
              </value>
            </param>
            <param index="3">
              <value>
                <![CDATA[email16@gmail.com]]>
              </value>
            </param>
          </params>
          <reporter-output>
          </reporter-output>
        </test-method> <!-- wikipagedata -->
        <test-method status="PASS" signature="wikipagedata(java.lang.String, java.lang.String, java.lang.String, java.lang.String)[pri:49, instance:testNgScripts.Parameterization_XLS@1c62251]" name="wikipagedata" duration-ms="1171" started-at="2021-01-08T00:25:44Z" data-provider="readData" finished-at="2021-01-08T00:25:46Z">
          <params>
            <param index="0">
              <value>
                <![CDATA[Username16]]>
              </value>
            </param>
            <param index="1">
              <value>
                <![CDATA[password16]]>
              </value>
            </param>
            <param index="2">
              <value>
                <![CDATA[passwrod16]]>
              </value>
            </param>
            <param index="3">
              <value>
                <![CDATA[email17@gmail.com]]>
              </value>
            </param>
          </params>
          <reporter-output>
          </reporter-output>
        </test-method> <!-- wikipagedata -->
        <test-method status="PASS" signature="wikipagedata(java.lang.String, java.lang.String, java.lang.String, java.lang.String)[pri:49, instance:testNgScripts.Parameterization_XLS@1c62251]" name="wikipagedata" duration-ms="1064" started-at="2021-01-08T00:25:46Z" data-provider="readData" finished-at="2021-01-08T00:25:47Z">
          <params>
            <param index="0">
              <value>
                <![CDATA[Username17]]>
              </value>
            </param>
            <param index="1">
              <value>
                <![CDATA[password17]]>
              </value>
            </param>
            <param index="2">
              <value>
                <![CDATA[passwrod17]]>
              </value>
            </param>
            <param index="3">
              <value>
                <![CDATA[email18@gmail.com]]>
              </value>
            </param>
          </params>
          <reporter-output>
          </reporter-output>
        </test-method> <!-- wikipagedata -->
        <test-method status="PASS" signature="wikipagedata(java.lang.String, java.lang.String, java.lang.String, java.lang.String)[pri:49, instance:testNgScripts.Parameterization_XLS@1c62251]" name="wikipagedata" duration-ms="1163" started-at="2021-01-08T00:25:47Z" data-provider="readData" finished-at="2021-01-08T00:25:48Z">
          <params>
            <param index="0">
              <value>
                <![CDATA[Username18]]>
              </value>
            </param>
            <param index="1">
              <value>
                <![CDATA[password18]]>
              </value>
            </param>
            <param index="2">
              <value>
                <![CDATA[passwrod18]]>
              </value>
            </param>
            <param index="3">
              <value>
                <![CDATA[email19@gmail.com]]>
              </value>
            </param>
          </params>
          <reporter-output>
          </reporter-output>
        </test-method> <!-- wikipagedata -->
        <test-method status="PASS" signature="wikipagedata(java.lang.String, java.lang.String, java.lang.String, java.lang.String)[pri:49, instance:testNgScripts.Parameterization_XLS@1c62251]" name="wikipagedata" duration-ms="1148" started-at="2021-01-08T00:25:48Z" data-provider="readData" finished-at="2021-01-08T00:25:49Z">
          <params>
            <param index="0">
              <value>
                <![CDATA[Username19]]>
              </value>
            </param>
            <param index="1">
              <value>
                <![CDATA[password19]]>
              </value>
            </param>
            <param index="2">
              <value>
                <![CDATA[passwrod19]]>
              </value>
            </param>
            <param index="3">
              <value>
                <![CDATA[email20@gmail.com]]>
              </value>
            </param>
          </params>
          <reporter-output>
          </reporter-output>
        </test-method> <!-- wikipagedata -->
        <test-method status="PASS" signature="wikipagedata(java.lang.String, java.lang.String, java.lang.String, java.lang.String)[pri:49, instance:testNgScripts.Parameterization_XLS@1c62251]" name="wikipagedata" duration-ms="1106" started-at="2021-01-08T00:25:49Z" data-provider="readData" finished-at="2021-01-08T00:25:50Z">
          <params>
            <param index="0">
              <value>
                <![CDATA[Username20]]>
              </value>
            </param>
            <param index="1">
              <value>
                <![CDATA[password20]]>
              </value>
            </param>
            <param index="2">
              <value>
                <![CDATA[passwrod20]]>
              </value>
            </param>
            <param index="3">
              <value>
                <![CDATA[email21@gmail.com]]>
              </value>
            </param>
          </params>
          <reporter-output>
          </reporter-output>
        </test-method> <!-- wikipagedata -->
        <test-method status="PASS" signature="wikipagedata(java.lang.String, java.lang.String, java.lang.String, java.lang.String)[pri:49, instance:testNgScripts.Parameterization_XLS@1c62251]" name="wikipagedata" duration-ms="1338" started-at="2021-01-08T00:25:50Z" data-provider="readData" finished-at="2021-01-08T00:25:51Z">
          <params>
            <param index="0">
              <value>
                <![CDATA[Username21]]>
              </value>
            </param>
            <param index="1">
              <value>
                <![CDATA[password21]]>
              </value>
            </param>
            <param index="2">
              <value>
                <![CDATA[passwrod21]]>
              </value>
            </param>
            <param index="3">
              <value>
                <![CDATA[email22@gmail.com]]>
              </value>
            </param>
          </params>
          <reporter-output>
          </reporter-output>
        </test-method> <!-- wikipagedata -->
      </class> <!-- testNgScripts.Parameterization_XLS -->
    </test> <!-- Default test -->
  </suite> <!-- Default suite -->
</testng-results>
