<?xml version="1.0" encoding="UTF-8"?>
<!-- Generated by org.testng.reporters.JUnitReportReporter -->
<testsuite skipped="0" hostname="LAPTOP-N0G0NBDP" name="testNgScripts.ParameterizationwithPOI" tests="3" failures="0" timestamp="29 Dec 2020 00:18:35 GMT" time="2.114" errors="0">
  <testcase name="wikipagedata" time="0.664" classname="testNgScripts.ParameterizationwithPOI"/>
  <testcase name="wikipagedata" time="0.777" classname="testNgScripts.ParameterizationwithPOI"/>
  <testcase name="wikipagedata" time="0.673" classname="testNgScripts.ParameterizationwithPOI"/>
</testsuite> <!-- testNgScripts.ParameterizationwithPOI -->
